<?xml version="1.0" encoding="UTF-8"?>
<coverage generated="1555712006120" clover="3.2.0">
  <project timestamp="1555712006120" name="All files">
    <metrics statements="143" coveredstatements="136" conditionals="29" coveredconditionals="21" methods="39" coveredmethods="35" elements="211" coveredelements="192" complexity="0" loc="143" ncloc="143" packages="19" files="46" classes="46">
      <package name="components.Feed">
        <metrics statements="3" coveredstatements="3" conditionals="0" coveredconditionals="0" methods="2" coveredmethods="2"/>
        <file name="Feed.js" path="/home/travis/build/codeparkhouston/streams/src/components/Feed/Feed.js">
          <metrics statements="3" coveredstatements="3" conditionals="0" coveredconditionals="0" methods="2" coveredmethods="2"/>
          <line num="6" count="4" type="stmt"/>
          <line num="7" count="4" type="stmt"/>
          <line num="9" count="8" type="stmt"/>
        </file>
        <file name="index.js" path="/home/travis/build/codeparkhouston/streams/src/components/Feed/index.js">
          <metrics statements="0" coveredstatements="0" conditionals="0" coveredconditionals="0" methods="0" coveredmethods="0"/>
        </file>
      </package>
      <package name="components.Icon">
        <metrics statements="2" coveredstatements="2" conditionals="0" coveredconditionals="0" methods="1" coveredmethods="1"/>
        <file name="Icon.js" path="/home/travis/build/codeparkhouston/streams/src/components/Icon/Icon.js">
          <metrics statements="2" coveredstatements="2" conditionals="0" coveredconditionals="0" methods="1" coveredmethods="1"/>
          <line num="4" count="10" type="stmt"/>
          <line num="5" count="13" type="stmt"/>
        </file>
        <file name="index.js" path="/home/travis/build/codeparkhouston/streams/src/components/Icon/index.js">
          <metrics statements="0" coveredstatements="0" conditionals="0" coveredconditionals="0" methods="0" coveredmethods="0"/>
        </file>
      </package>
      <package name="components.Layout">
        <metrics statements="2" coveredstatements="2" conditionals="0" coveredconditionals="0" methods="1" coveredmethods="1"/>
        <file name="Layout.js" path="/home/travis/build/codeparkhouston/streams/src/components/Layout/Layout.js">
          <metrics statements="2" coveredstatements="2" conditionals="0" coveredconditionals="0" methods="1" coveredmethods="1"/>
          <line num="5" count="9" type="stmt"/>
          <line num="6" count="9" type="stmt"/>
        </file>
        <file name="index.js" path="/home/travis/build/codeparkhouston/streams/src/components/Layout/index.js">
          <metrics statements="0" coveredstatements="0" conditionals="0" coveredconditionals="0" methods="0" coveredmethods="0"/>
        </file>
      </package>
      <package name="components.Page">
        <metrics statements="5" coveredstatements="4" conditionals="2" coveredconditionals="2" methods="2" coveredmethods="1"/>
        <file name="Page.js" path="/home/travis/build/codeparkhouston/streams/src/components/Page/Page.js">
          <metrics statements="5" coveredstatements="4" conditionals="2" coveredconditionals="2" methods="2" coveredmethods="1"/>
          <line num="4" count="8" type="stmt"/>
          <line num="5" count="8" type="stmt"/>
          <line num="7" count="8" type="stmt"/>
          <line num="8" count="0" type="stmt"/>
          <line num="11" count="8" type="stmt"/>
        </file>
        <file name="index.js" path="/home/travis/build/codeparkhouston/streams/src/components/Page/index.js">
          <metrics statements="0" coveredstatements="0" conditionals="0" coveredconditionals="0" methods="0" coveredmethods="0"/>
        </file>
      </package>
      <package name="components.Pagination">
        <metrics statements="5" coveredstatements="5" conditionals="0" coveredconditionals="0" methods="1" coveredmethods="1"/>
        <file name="Pagination.js" path="/home/travis/build/codeparkhouston/streams/src/components/Pagination/Pagination.js">
          <metrics statements="5" coveredstatements="5" conditionals="0" coveredconditionals="0" methods="1" coveredmethods="1"/>
          <line num="7" count="4" type="stmt"/>
          <line num="9" count="4" type="stmt"/>
          <line num="15" count="4" type="stmt"/>
          <line num="20" count="4" type="stmt"/>
          <line num="25" count="4" type="stmt"/>
        </file>
        <file name="index.js" path="/home/travis/build/codeparkhouston/streams/src/components/Pagination/index.js">
          <metrics statements="0" coveredstatements="0" conditionals="0" coveredconditionals="0" methods="0" coveredmethods="0"/>
        </file>
      </package>
      <package name="components.Post">
        <metrics statements="5" coveredstatements="5" conditionals="0" coveredconditionals="0" methods="1" coveredmethods="1"/>
        <file name="Post.js" path="/home/travis/build/codeparkhouston/streams/src/components/Post/Post.js">
          <metrics statements="5" coveredstatements="5" conditionals="0" coveredconditionals="0" methods="1" coveredmethods="1"/>
          <line num="10" count="2" type="stmt"/>
          <line num="15" count="2" type="stmt"/>
          <line num="17" count="2" type="stmt"/>
          <line num="18" count="2" type="stmt"/>
          <line num="20" count="2" type="stmt"/>
        </file>
        <file name="index.js" path="/home/travis/build/codeparkhouston/streams/src/components/Post/index.js">
          <metrics statements="0" coveredstatements="0" conditionals="0" coveredconditionals="0" methods="0" coveredmethods="0"/>
        </file>
      </package>
      <package name="components.Post.Author">
        <metrics statements="6" coveredstatements="5" conditionals="0" coveredconditionals="0" methods="3" coveredmethods="2"/>
        <file name="Author.js" path="/home/travis/build/codeparkhouston/streams/src/components/Post/Author/Author.js">
          <metrics statements="6" coveredstatements="5" conditionals="0" coveredconditionals="0" methods="3" coveredmethods="2"/>
          <line num="6" count="3" type="stmt"/>
          <line num="7" count="1" type="stmt"/>
          <line num="9" count="1" type="stmt"/>
          <line num="26" count="3" type="stmt"/>
          <line num="27" count="2" type="stmt"/>
          <line num="43" count="0" type="stmt"/>
        </file>
        <file name="index.js" path="/home/travis/build/codeparkhouston/streams/src/components/Post/Author/index.js">
          <metrics statements="0" coveredstatements="0" conditionals="0" coveredconditionals="0" methods="0" coveredmethods="0"/>
        </file>
      </package>
      <package name="components.Post.Comments">
        <metrics statements="8" coveredstatements="6" conditionals="2" coveredconditionals="1" methods="3" coveredmethods="2"/>
        <file name="Comments.js" path="/home/travis/build/codeparkhouston/streams/src/components/Post/Comments/Comments.js">
          <metrics statements="8" coveredstatements="6" conditionals="2" coveredconditionals="1" methods="3" coveredmethods="2"/>
          <line num="5" count="3" type="stmt"/>
          <line num="9" count="1" type="stmt"/>
          <line num="11" count="1" type="cond" truecount="1" falsecount="1"/>
          <line num="12" count="0" type="stmt"/>
          <line num="15" count="1" type="stmt"/>
          <line num="25" count="3" type="stmt"/>
          <line num="26" count="2" type="stmt"/>
          <line num="37" count="0" type="stmt"/>
        </file>
        <file name="index.js" path="/home/travis/build/codeparkhouston/streams/src/components/Post/Comments/index.js">
          <metrics statements="0" coveredstatements="0" conditionals="0" coveredconditionals="0" methods="0" coveredmethods="0"/>
        </file>
      </package>
      <package name="components.Post.Content">
        <metrics statements="2" coveredstatements="2" conditionals="0" coveredconditionals="0" methods="1" coveredmethods="1"/>
        <file name="Content.js" path="/home/travis/build/codeparkhouston/streams/src/components/Post/Content/Content.js">
          <metrics statements="2" coveredstatements="2" conditionals="0" coveredconditionals="0" methods="1" coveredmethods="1"/>
          <line num="4" count="3" type="stmt"/>
          <line num="5" count="3" type="stmt"/>
        </file>
        <file name="index.js" path="/home/travis/build/codeparkhouston/streams/src/components/Post/Content/index.js">
          <metrics statements="0" coveredstatements="0" conditionals="0" coveredconditionals="0" methods="0" coveredmethods="0"/>
        </file>
      </package>
      <package name="components.Post.Meta">
        <metrics statements="2" coveredstatements="2" conditionals="0" coveredconditionals="0" methods="1" coveredmethods="1"/>
        <file name="Meta.js" path="/home/travis/build/codeparkhouston/streams/src/components/Post/Meta/Meta.js">
          <metrics statements="2" coveredstatements="2" conditionals="0" coveredconditionals="0" methods="1" coveredmethods="1"/>
          <line num="5" count="3" type="stmt"/>
          <line num="6" count="3" type="stmt"/>
        </file>
        <file name="index.js" path="/home/travis/build/codeparkhouston/streams/src/components/Post/Meta/index.js">
          <metrics statements="0" coveredstatements="0" conditionals="0" coveredconditionals="0" methods="0" coveredmethods="0"/>
        </file>
      </package>
      <package name="components.Post.Tags">
        <metrics statements="3" coveredstatements="3" conditionals="0" coveredconditionals="0" methods="2" coveredmethods="2"/>
        <file name="Tags.js" path="/home/travis/build/codeparkhouston/streams/src/components/Post/Tags/Tags.js">
          <metrics statements="3" coveredstatements="3" conditionals="0" coveredconditionals="0" methods="2" coveredmethods="2"/>
          <line num="5" count="3" type="stmt"/>
          <line num="6" count="3" type="stmt"/>
          <line num="9" count="6" type="stmt"/>
        </file>
        <file name="index.js" path="/home/travis/build/codeparkhouston/streams/src/components/Post/Tags/index.js">
          <metrics statements="0" coveredstatements="0" conditionals="0" coveredconditionals="0" methods="0" coveredmethods="0"/>
        </file>
      </package>
      <package name="components.Sidebar">
        <metrics statements="6" coveredstatements="5" conditionals="0" coveredconditionals="0" methods="3" coveredmethods="2"/>
        <file name="Sidebar.js" path="/home/travis/build/codeparkhouston/streams/src/components/Sidebar/Sidebar.js">
          <metrics statements="6" coveredstatements="5" conditionals="0" coveredconditionals="0" methods="3" coveredmethods="2"/>
          <line num="9" count="8" type="stmt"/>
          <line num="14" count="1" type="stmt"/>
          <line num="16" count="1" type="stmt"/>
          <line num="28" count="8" type="stmt"/>
          <line num="29" count="7" type="stmt"/>
          <line num="58" count="0" type="stmt"/>
        </file>
        <file name="index.js" path="/home/travis/build/codeparkhouston/streams/src/components/Sidebar/index.js">
          <metrics statements="0" coveredstatements="0" conditionals="0" coveredconditionals="0" methods="0" coveredmethods="0"/>
        </file>
      </package>
      <package name="components.Sidebar.Author">
        <metrics statements="2" coveredstatements="2" conditionals="2" coveredconditionals="1" methods="1" coveredmethods="1"/>
        <file name="Author.js" path="/home/travis/build/codeparkhouston/streams/src/components/Sidebar/Author/Author.js">
          <metrics statements="2" coveredstatements="2" conditionals="2" coveredconditionals="1" methods="1" coveredmethods="1"/>
          <line num="5" count="9" type="stmt"/>
          <line num="6" count="2" type="stmt"/>
        </file>
        <file name="index.js" path="/home/travis/build/codeparkhouston/streams/src/components/Sidebar/Author/index.js">
          <metrics statements="0" coveredstatements="0" conditionals="0" coveredconditionals="0" methods="0" coveredmethods="0"/>
        </file>
      </package>
      <package name="components.Sidebar.Contacts">
        <metrics statements="3" coveredstatements="3" conditionals="0" coveredconditionals="0" methods="2" coveredmethods="2"/>
        <file name="Contacts.js" path="/home/travis/build/codeparkhouston/streams/src/components/Sidebar/Contacts/Contacts.js">
          <metrics statements="3" coveredstatements="3" conditionals="0" coveredconditionals="0" methods="2" coveredmethods="2"/>
          <line num="6" count="9" type="stmt"/>
          <line num="7" count="2" type="stmt"/>
          <line num="10" count="12" type="stmt"/>
        </file>
        <file name="index.js" path="/home/travis/build/codeparkhouston/streams/src/components/Sidebar/Contacts/index.js">
          <metrics statements="0" coveredstatements="0" conditionals="0" coveredconditionals="0" methods="0" coveredmethods="0"/>
        </file>
      </package>
      <package name="components.Sidebar.Copyright">
        <metrics statements="2" coveredstatements="2" conditionals="0" coveredconditionals="0" methods="1" coveredmethods="1"/>
        <file name="Copyright.js" path="/home/travis/build/codeparkhouston/streams/src/components/Sidebar/Copyright/Copyright.js">
          <metrics statements="2" coveredstatements="2" conditionals="0" coveredconditionals="0" methods="1" coveredmethods="1"/>
          <line num="4" count="9" type="stmt"/>
          <line num="5" count="2" type="stmt"/>
        </file>
        <file name="index.js" path="/home/travis/build/codeparkhouston/streams/src/components/Sidebar/Copyright/index.js">
          <metrics statements="0" coveredstatements="0" conditionals="0" coveredconditionals="0" methods="0" coveredmethods="0"/>
        </file>
      </package>
      <package name="components.Sidebar.Menu">
        <metrics statements="3" coveredstatements="3" conditionals="0" coveredconditionals="0" methods="2" coveredmethods="2"/>
        <file name="Menu.js" path="/home/travis/build/codeparkhouston/streams/src/components/Sidebar/Menu/Menu.js">
          <metrics statements="3" coveredstatements="3" conditionals="0" coveredconditionals="0" methods="2" coveredmethods="2"/>
          <line num="5" count="9" type="stmt"/>
          <line num="6" count="2" type="stmt"/>
          <line num="9" count="4" type="stmt"/>
        </file>
        <file name="index.js" path="/home/travis/build/codeparkhouston/streams/src/components/Sidebar/Menu/index.js">
          <metrics statements="0" coveredstatements="0" conditionals="0" coveredconditionals="0" methods="0" coveredmethods="0"/>
        </file>
      </package>
      <package name="constants">
        <metrics statements="2" coveredstatements="2" conditionals="0" coveredconditionals="0" methods="0" coveredmethods="0"/>
        <file name="icons.js" path="/home/travis/build/codeparkhouston/streams/src/constants/icons.js">
          <metrics statements="1" coveredstatements="1" conditionals="0" coveredconditionals="0" methods="0" coveredmethods="0"/>
          <line num="1" count="13" type="stmt"/>
        </file>
        <file name="index.js" path="/home/travis/build/codeparkhouston/streams/src/constants/index.js">
          <metrics statements="0" coveredstatements="0" conditionals="0" coveredconditionals="0" methods="0" coveredmethods="0"/>
        </file>
        <file name="pagination.js" path="/home/travis/build/codeparkhouston/streams/src/constants/pagination.js">
          <metrics statements="1" coveredstatements="1" conditionals="0" coveredconditionals="0" methods="0" coveredmethods="0"/>
          <line num="1" count="13" type="stmt"/>
        </file>
      </package>
      <package name="templates">
        <metrics statements="50" coveredstatements="50" conditionals="10" coveredconditionals="5" methods="10" coveredmethods="10"/>
        <file name="categories-list-template.js" path="/home/travis/build/codeparkhouston/streams/src/templates/categories-list-template.js">
          <metrics statements="6" coveredstatements="6" conditionals="0" coveredconditionals="0" methods="2" coveredmethods="2"/>
          <line num="8" count="1" type="stmt"/>
          <line num="12" count="1" type="stmt"/>
          <line num="14" count="1" type="stmt"/>
          <line num="16" count="1" type="stmt"/>
          <line num="22" count="2" type="stmt"/>
          <line num="34" count="1" type="stmt"/>
        </file>
        <file name="category-template.js" path="/home/travis/build/codeparkhouston/streams/src/templates/category-template.js">
          <metrics statements="7" coveredstatements="7" conditionals="2" coveredconditionals="1" methods="1" coveredmethods="1"/>
          <line num="9" count="1" type="stmt"/>
          <line num="13" count="1" type="stmt"/>
          <line num="22" count="1" type="stmt"/>
          <line num="24" count="1" type="stmt"/>
          <line num="25" count="1" type="cond" truecount="1" falsecount="1"/>
          <line num="27" count="1" type="stmt"/>
          <line num="43" count="1" type="stmt"/>
        </file>
        <file name="index-template.js" path="/home/travis/build/codeparkhouston/streams/src/templates/index-template.js">
          <metrics statements="7" coveredstatements="7" conditionals="2" coveredconditionals="1" methods="1" coveredmethods="1"/>
          <line num="9" count="1" type="stmt"/>
          <line num="13" count="1" type="stmt"/>
          <line num="21" count="1" type="stmt"/>
          <line num="23" count="1" type="stmt"/>
          <line num="24" count="1" type="cond" truecount="1" falsecount="1"/>
          <line num="26" count="1" type="stmt"/>
          <line num="42" count="1" type="stmt"/>
        </file>
        <file name="not-found-template.js" path="/home/travis/build/codeparkhouston/streams/src/templates/not-found-template.js">
          <metrics statements="4" coveredstatements="4" conditionals="0" coveredconditionals="0" methods="1" coveredmethods="1"/>
          <line num="7" count="1" type="stmt"/>
          <line num="11" count="1" type="stmt"/>
          <line num="13" count="1" type="stmt"/>
          <line num="23" count="1" type="stmt"/>
        </file>
        <file name="page-template.js" path="/home/travis/build/codeparkhouston/streams/src/templates/page-template.js">
          <metrics statements="7" coveredstatements="7" conditionals="2" coveredconditionals="1" methods="1" coveredmethods="1"/>
          <line num="7" count="1" type="stmt"/>
          <line num="11" count="1" type="stmt"/>
          <line num="16" count="1" type="stmt"/>
          <line num="18" count="1" type="stmt"/>
          <line num="20" count="1" type="cond" truecount="1" falsecount="1"/>
          <line num="22" count="1" type="stmt"/>
          <line num="32" count="1" type="stmt"/>
        </file>
        <file name="post-template.js" path="/home/travis/build/codeparkhouston/streams/src/templates/post-template.js">
          <metrics statements="6" coveredstatements="6" conditionals="2" coveredconditionals="1" methods="1" coveredmethods="1"/>
          <line num="6" count="1" type="stmt"/>
          <line num="10" count="1" type="stmt"/>
          <line num="15" count="1" type="stmt"/>
          <line num="17" count="1" type="cond" truecount="1" falsecount="1"/>
          <line num="19" count="1" type="stmt"/>
          <line num="26" count="1" type="stmt"/>
        </file>
        <file name="tag-template.js" path="/home/travis/build/codeparkhouston/streams/src/templates/tag-template.js">
          <metrics statements="7" coveredstatements="7" conditionals="2" coveredconditionals="1" methods="1" coveredmethods="1"/>
          <line num="9" count="1" type="stmt"/>
          <line num="13" count="1" type="stmt"/>
          <line num="22" count="1" type="stmt"/>
          <line num="24" count="1" type="stmt"/>
          <line num="25" count="1" type="cond" truecount="1" falsecount="1"/>
          <line num="27" count="1" type="stmt"/>
          <line num="43" count="1" type="stmt"/>
        </file>
        <file name="tags-list-template.js" path="/home/travis/build/codeparkhouston/streams/src/templates/tags-list-template.js">
          <metrics statements="6" coveredstatements="6" conditionals="0" coveredconditionals="0" methods="2" coveredmethods="2"/>
          <line num="8" count="1" type="stmt"/>
          <line num="12" count="1" type="stmt"/>
          <line num="13" count="1" type="stmt"/>
          <line num="15" count="1" type="stmt"/>
          <line num="21" count="2" type="stmt"/>
          <line num="33" count="1" type="stmt"/>
        </file>
      </package>
      <package name="utils">
        <metrics statements="32" coveredstatements="30" conditionals="13" coveredconditionals="12" methods="2" coveredmethods="2"/>
        <file name="get-contact-href.js" path="/home/travis/build/codeparkhouston/streams/src/utils/get-contact-href.js">
          <metrics statements="15" coveredstatements="15" conditionals="6" coveredconditionals="6" methods="1" coveredmethods="1"/>
          <line num="1" count="12" type="stmt"/>
          <line num="4" count="13" type="cond" truecount="6" falsecount="0"/>
          <line num="6" count="3" type="stmt"/>
          <line num="7" count="3" type="stmt"/>
          <line num="9" count="2" type="stmt"/>
          <line num="10" count="2" type="stmt"/>
          <line num="12" count="2" type="stmt"/>
          <line num="13" count="2" type="stmt"/>
          <line num="15" count="2" type="stmt"/>
          <line num="16" count="2" type="stmt"/>
          <line num="18" count="2" type="stmt"/>
          <line num="19" count="2" type="stmt"/>
          <line num="21" count="2" type="stmt"/>
          <line num="22" count="2" type="stmt"/>
          <line num="25" count="13" type="stmt"/>
        </file>
        <file name="get-icon.js" path="/home/travis/build/codeparkhouston/streams/src/utils/get-icon.js">
          <metrics statements="17" coveredstatements="15" conditionals="7" coveredconditionals="6" methods="1" coveredmethods="1"/>
          <line num="3" count="12" type="stmt"/>
          <line num="6" count="12" type="cond" truecount="6" falsecount="1"/>
          <line num="8" count="2" type="stmt"/>
          <line num="9" count="2" type="stmt"/>
          <line num="11" count="2" type="stmt"/>
          <line num="12" count="2" type="stmt"/>
          <line num="14" count="2" type="stmt"/>
          <line num="15" count="2" type="stmt"/>
          <line num="17" count="2" type="stmt"/>
          <line num="18" count="2" type="stmt"/>
          <line num="20" count="2" type="stmt"/>
          <line num="21" count="2" type="stmt"/>
          <line num="23" count="2" type="stmt"/>
          <line num="24" count="2" type="stmt"/>
          <line num="26" count="0" type="stmt"/>
          <line num="27" count="0" type="stmt"/>
          <line num="30" count="12" type="stmt"/>
        </file>
        <file name="index.js" path="/home/travis/build/codeparkhouston/streams/src/utils/index.js">
          <metrics statements="0" coveredstatements="0" conditionals="0" coveredconditionals="0" methods="0" coveredmethods="0"/>
        </file>
      </package>
    </metrics>
  </project>
</coverage>
