{"/home/travis/build/codeparkhouston/streams/src/components/Feed/Feed.js": {"path":"/home/travis/build/codeparkhouston/streams/src/components/Feed/Feed.js","statementMap":{"0":{"start":{"line":6,"column":13},"end":{"line":27,"column":1}},"1":{"start":{"line":7,"column":2},"end":{"line":26,"column":8}},"2":{"start":{"line":9,"column":6},"end":{"line":24,"column":12}}},"fnMap":{"0":{"name":"(anonymous_0)","decl":{"start":{"line":6,"column":13},"end":{"line":6,"column":14}},"loc":{"start":{"line":7,"column":2},"end":{"line":26,"column":8}},"line":7},"1":{"name":"(anonymous_1)","decl":{"start":{"line":8,"column":15},"end":{"line":8,"column":16}},"loc":{"start":{"line":9,"column":6},"end":{"line":24,"column":12}},"line":9}},"branchMap":{},"s":{"0":4,"1":4,"2":8},"f":{"0":4,"1":8},"b":{},"_coverageSchema":"332fd63041d2c1bcb487cc26dd0d5f7d97098a6c","hash":"265b19de44a6bda55a0d02b63207211c5870ffea"}
,"/home/travis/build/codeparkhouston/streams/src/components/Feed/index.js": {"path":"/home/travis/build/codeparkhouston/streams/src/components/Feed/index.js","statementMap":{},"fnMap":{},"branchMap":{},"s":{},"f":{},"b":{},"_coverageSchema":"332fd63041d2c1bcb487cc26dd0d5f7d97098a6c","hash":"1d331514ee550737c089e5d54a6749bc99732f4a"}
,"/home/travis/build/codeparkhouston/streams/src/components/Icon/Icon.js": {"path":"/home/travis/build/codeparkhouston/streams/src/components/Icon/Icon.js","statementMap":{"0":{"start":{"line":4,"column":13},"end":{"line":8,"column":1}},"1":{"start":{"line":5,"column":2},"end":{"line":7,"column":8}}},"fnMap":{"0":{"name":"(anonymous_0)","decl":{"start":{"line":4,"column":13},"end":{"line":4,"column":14}},"loc":{"start":{"line":5,"column":2},"end":{"line":7,"column":8}},"line":5}},"branchMap":{},"s":{"0":10,"1":13},"f":{"0":13},"b":{},"_coverageSchema":"332fd63041d2c1bcb487cc26dd0d5f7d97098a6c","hash":"7ac2518a39892176f7d1b5e194435d48a269b3b3"}
,"/home/travis/build/codeparkhouston/streams/src/components/Icon/index.js": {"path":"/home/travis/build/codeparkhouston/streams/src/components/Icon/index.js","statementMap":{},"fnMap":{},"branchMap":{},"s":{},"f":{},"b":{},"_coverageSchema":"332fd63041d2c1bcb487cc26dd0d5f7d97098a6c","hash":"814905b24e3e08b568dbb7f37c2bc76cbc8c4b29"}
,"/home/travis/build/codeparkhouston/streams/src/components/Layout/Layout.js": {"path":"/home/travis/build/codeparkhouston/streams/src/components/Layout/Layout.js","statementMap":{"0":{"start":{"line":5,"column":15},"end":{"line":14,"column":1}},"1":{"start":{"line":6,"column":2},"end":{"line":13,"column":8}}},"fnMap":{"0":{"name":"(anonymous_0)","decl":{"start":{"line":5,"column":15},"end":{"line":5,"column":16}},"loc":{"start":{"line":6,"column":2},"end":{"line":13,"column":8}},"line":6}},"branchMap":{},"s":{"0":9,"1":9},"f":{"0":9},"b":{},"_coverageSchema":"332fd63041d2c1bcb487cc26dd0d5f7d97098a6c","hash":"03114c0aacff28454cb8ecd1cb26beaf7d4c6620"}
,"/home/travis/build/codeparkhouston/streams/src/components/Layout/index.js": {"path":"/home/travis/build/codeparkhouston/streams/src/components/Layout/index.js","statementMap":{},"fnMap":{},"branchMap":{},"s":{},"f":{},"b":{},"_coverageSchema":"332fd63041d2c1bcb487cc26dd0d5f7d97098a6c","hash":"099373615e94e7436faa53a22ed649ec3181e6a9"}
,"/home/travis/build/codeparkhouston/streams/src/components/Page/Page.js": {"path":"/home/travis/build/codeparkhouston/streams/src/components/Page/Page.js","statementMap":{"0":{"start":{"line":4,"column":13},"end":{"line":21,"column":1}},"1":{"start":{"line":5,"column":18},"end":{"line":5,"column":26}},"2":{"start":{"line":7,"column":2},"end":{"line":9,"column":5}},"3":{"start":{"line":8,"column":4},"end":{"line":8,"column":37}},"4":{"start":{"line":11,"column":2},"end":{"line":20,"column":4}}},"fnMap":{"0":{"name":"(anonymous_0)","decl":{"start":{"line":4,"column":13},"end":{"line":4,"column":14}},"loc":{"start":{"line":4,"column":38},"end":{"line":21,"column":1}},"line":4},"1":{"name":"(anonymous_1)","decl":{"start":{"line":7,"column":12},"end":{"line":7,"column":13}},"loc":{"start":{"line":7,"column":18},"end":{"line":9,"column":3}},"line":7}},"branchMap":{"0":{"loc":{"start":{"line":14,"column":10},"end":{"line":14,"column":69}},"type":"binary-expr","locations":[{"start":{"line":14,"column":10},"end":{"line":14,"column":15}},{"start":{"line":14,"column":19},"end":{"line":14,"column":69}}],"line":14}},"s":{"0":8,"1":8,"2":8,"3":0,"4":8},"f":{"0":8,"1":0},"b":{"0":[8,7]},"_coverageSchema":"332fd63041d2c1bcb487cc26dd0d5f7d97098a6c","hash":"845e939f2649d85d8e700986feadabe7adfbb994"}
,"/home/travis/build/codeparkhouston/streams/src/components/Page/index.js": {"path":"/home/travis/build/codeparkhouston/streams/src/components/Page/index.js","statementMap":{},"fnMap":{},"branchMap":{},"s":{},"f":{},"b":{},"_coverageSchema":"332fd63041d2c1bcb487cc26dd0d5f7d97098a6c","hash":"af651b81a009df93e592af509220700097d42e16"}
,"/home/travis/build/codeparkhouston/streams/src/components/Pagination/Pagination.js": {"path":"/home/travis/build/codeparkhouston/streams/src/components/Pagination/Pagination.js","statementMap":{"0":{"start":{"line":7,"column":11},"end":{"line":7,"column":34}},"1":{"start":{"line":9,"column":19},"end":{"line":35,"column":1}},"2":{"start":{"line":15,"column":24},"end":{"line":18,"column":4}},"3":{"start":{"line":20,"column":24},"end":{"line":23,"column":4}},"4":{"start":{"line":25,"column":2},"end":{"line":34,"column":4}}},"fnMap":{"0":{"name":"(anonymous_0)","decl":{"start":{"line":9,"column":19},"end":{"line":9,"column":20}},"loc":{"start":{"line":14,"column":6},"end":{"line":35,"column":1}},"line":14}},"branchMap":{},"s":{"0":4,"1":4,"2":4,"3":4,"4":4},"f":{"0":4},"b":{},"_coverageSchema":"332fd63041d2c1bcb487cc26dd0d5f7d97098a6c","hash":"bd00d692113e097e65bf5f89a2496924745c9a39"}
,"/home/travis/build/codeparkhouston/streams/src/components/Pagination/index.js": {"path":"/home/travis/build/codeparkhouston/streams/src/components/Pagination/index.js","statementMap":{},"fnMap":{},"branchMap":{},"s":{},"f":{},"b":{},"_coverageSchema":"332fd63041d2c1bcb487cc26dd0d5f7d97098a6c","hash":"9bad3cde74d8023e74be34f77a33cdc48c814ef0"}
,"/home/travis/build/codeparkhouston/streams/src/components/Post/Post.js": {"path":"/home/travis/build/codeparkhouston/streams/src/components/Post/Post.js","statementMap":{"0":{"start":{"line":10,"column":13},"end":{"line":39,"column":1}},"1":{"start":{"line":15,"column":6},"end":{"line":15,"column":22}},"2":{"start":{"line":17,"column":19},"end":{"line":17,"column":23}},"3":{"start":{"line":18,"column":23},"end":{"line":18,"column":34}},"4":{"start":{"line":20,"column":2},"end":{"line":38,"column":4}}},"fnMap":{"0":{"name":"(anonymous_0)","decl":{"start":{"line":10,"column":13},"end":{"line":10,"column":14}},"loc":{"start":{"line":10,"column":27},"end":{"line":39,"column":1}},"line":10}},"branchMap":{},"s":{"0":2,"1":2,"2":2,"3":2,"4":2},"f":{"0":2},"b":{},"_coverageSchema":"332fd63041d2c1bcb487cc26dd0d5f7d97098a6c","hash":"7196f7060a0f64787465d8c36e1df5414acaa8eb"}
,"/home/travis/build/codeparkhouston/streams/src/components/Post/index.js": {"path":"/home/travis/build/codeparkhouston/streams/src/components/Post/index.js","statementMap":{},"fnMap":{},"branchMap":{},"s":{},"f":{},"b":{},"_coverageSchema":"332fd63041d2c1bcb487cc26dd0d5f7d97098a6c","hash":"5e31cef05ecb645de236590e54c1e91fc1511910"}
,"/home/travis/build/codeparkhouston/streams/src/components/Post/Author/Author.js": {"path":"/home/travis/build/codeparkhouston/streams/src/components/Post/Author/Author.js","statementMap":{"0":{"start":{"line":6,"column":26},"end":{"line":24,"column":1}},"1":{"start":{"line":7,"column":21},"end":{"line":7,"column":43}},"2":{"start":{"line":9,"column":2},"end":{"line":23,"column":4}},"3":{"start":{"line":26,"column":22},"end":{"line":45,"column":1}},"4":{"start":{"line":27,"column":2},"end":{"line":44,"column":4}},"5":{"start":{"line":43,"column":22},"end":{"line":43,"column":59}}},"fnMap":{"0":{"name":"(anonymous_0)","decl":{"start":{"line":6,"column":26},"end":{"line":6,"column":27}},"loc":{"start":{"line":6,"column":40},"end":{"line":24,"column":1}},"line":6},"1":{"name":"(anonymous_1)","decl":{"start":{"line":26,"column":22},"end":{"line":26,"column":23}},"loc":{"start":{"line":27,"column":2},"end":{"line":44,"column":4}},"line":27},"2":{"name":"(anonymous_2)","decl":{"start":{"line":43,"column":12},"end":{"line":43,"column":13}},"loc":{"start":{"line":43,"column":22},"end":{"line":43,"column":59}},"line":43}},"branchMap":{},"s":{"0":3,"1":1,"2":1,"3":3,"4":2,"5":0},"f":{"0":1,"1":2,"2":0},"b":{},"_coverageSchema":"332fd63041d2c1bcb487cc26dd0d5f7d97098a6c","hash":"340a5ed00bea471152c83174bfd9deb673b0b0d5"}
,"/home/travis/build/codeparkhouston/streams/src/components/Post/Author/index.js": {"path":"/home/travis/build/codeparkhouston/streams/src/components/Post/Author/index.js","statementMap":{},"fnMap":{},"branchMap":{},"s":{},"f":{},"b":{},"_coverageSchema":"332fd63041d2c1bcb487cc26dd0d5f7d97098a6c","hash":"218744ee08e3edba0059b4e2ca5ed6e5e9bc1c97"}
,"/home/travis/build/codeparkhouston/streams/src/components/Post/Comments/Comments.js": {"path":"/home/travis/build/codeparkhouston/streams/src/components/Post/Comments/Comments.js","statementMap":{"0":{"start":{"line":5,"column":28},"end":{"line":23,"column":1}},"1":{"start":{"line":9,"column":6},"end":{"line":9,"column":28}},"2":{"start":{"line":11,"column":2},"end":{"line":13,"column":3}},"3":{"start":{"line":12,"column":4},"end":{"line":12,"column":16}},"4":{"start":{"line":15,"column":2},"end":{"line":22,"column":4}},"5":{"start":{"line":25,"column":24},"end":{"line":39,"column":1}},"6":{"start":{"line":26,"column":2},"end":{"line":38,"column":4}},"7":{"start":{"line":37,"column":22},"end":{"line":37,"column":60}}},"fnMap":{"0":{"name":"(anonymous_0)","decl":{"start":{"line":5,"column":28},"end":{"line":5,"column":29}},"loc":{"start":{"line":5,"column":63},"end":{"line":23,"column":1}},"line":5},"1":{"name":"(anonymous_1)","decl":{"start":{"line":25,"column":24},"end":{"line":25,"column":25}},"loc":{"start":{"line":26,"column":2},"end":{"line":38,"column":4}},"line":26},"2":{"name":"(anonymous_2)","decl":{"start":{"line":37,"column":12},"end":{"line":37,"column":13}},"loc":{"start":{"line":37,"column":22},"end":{"line":37,"column":60}},"line":37}},"branchMap":{"0":{"loc":{"start":{"line":11,"column":2},"end":{"line":13,"column":3}},"type":"if","locations":[{"start":{"line":11,"column":2},"end":{"line":13,"column":3}},{"start":{"line":11,"column":2},"end":{"line":13,"column":3}}],"line":11}},"s":{"0":3,"1":1,"2":1,"3":0,"4":1,"5":3,"6":2,"7":0},"f":{"0":1,"1":2,"2":0},"b":{"0":[0,1]},"_coverageSchema":"332fd63041d2c1bcb487cc26dd0d5f7d97098a6c","hash":"03af1b3170c53a108807c3c324988582f278a150"}
,"/home/travis/build/codeparkhouston/streams/src/components/Post/Comments/index.js": {"path":"/home/travis/build/codeparkhouston/streams/src/components/Post/Comments/index.js","statementMap":{},"fnMap":{},"branchMap":{},"s":{},"f":{},"b":{},"_coverageSchema":"332fd63041d2c1bcb487cc26dd0d5f7d97098a6c","hash":"86e6ef9773df16f8ab77ec5f7d1e136136b845af"}
,"/home/travis/build/codeparkhouston/streams/src/components/Post/Content/Content.js": {"path":"/home/travis/build/codeparkhouston/streams/src/components/Post/Content/Content.js","statementMap":{"0":{"start":{"line":4,"column":16},"end":{"line":9,"column":1}},"1":{"start":{"line":5,"column":2},"end":{"line":8,"column":8}}},"fnMap":{"0":{"name":"(anonymous_0)","decl":{"start":{"line":4,"column":16},"end":{"line":4,"column":17}},"loc":{"start":{"line":5,"column":2},"end":{"line":8,"column":8}},"line":5}},"branchMap":{},"s":{"0":3,"1":3},"f":{"0":3},"b":{},"_coverageSchema":"332fd63041d2c1bcb487cc26dd0d5f7d97098a6c","hash":"e1cd376715aa40680d90b01b4efe4ffccaad949f"}
,"/home/travis/build/codeparkhouston/streams/src/components/Post/Content/index.js": {"path":"/home/travis/build/codeparkhouston/streams/src/components/Post/Content/index.js","statementMap":{},"fnMap":{},"branchMap":{},"s":{},"f":{},"b":{},"_coverageSchema":"332fd63041d2c1bcb487cc26dd0d5f7d97098a6c","hash":"25ed94db30e209432b10e903e5499f92b2f0d435"}
,"/home/travis/build/codeparkhouston/streams/src/components/Post/Meta/Meta.js": {"path":"/home/travis/build/codeparkhouston/streams/src/components/Post/Meta/Meta.js","statementMap":{"0":{"start":{"line":5,"column":13},"end":{"line":9,"column":1}},"1":{"start":{"line":6,"column":2},"end":{"line":8,"column":8}}},"fnMap":{"0":{"name":"(anonymous_0)","decl":{"start":{"line":5,"column":13},"end":{"line":5,"column":14}},"loc":{"start":{"line":6,"column":2},"end":{"line":8,"column":8}},"line":6}},"branchMap":{},"s":{"0":3,"1":3},"f":{"0":3},"b":{},"_coverageSchema":"332fd63041d2c1bcb487cc26dd0d5f7d97098a6c","hash":"41c887b9b391dec1ec755bae426d7030c3028c00"}
,"/home/travis/build/codeparkhouston/streams/src/components/Post/Meta/index.js": {"path":"/home/travis/build/codeparkhouston/streams/src/components/Post/Meta/index.js","statementMap":{},"fnMap":{},"branchMap":{},"s":{},"f":{},"b":{},"_coverageSchema":"332fd63041d2c1bcb487cc26dd0d5f7d97098a6c","hash":"01b3f526cbfa93d9ac0cb6fea9f8687a4d2b93f5"}
,"/home/travis/build/codeparkhouston/streams/src/components/Post/Tags/Tags.js": {"path":"/home/travis/build/codeparkhouston/streams/src/components/Post/Tags/Tags.js","statementMap":{"0":{"start":{"line":5,"column":13},"end":{"line":17,"column":1}},"1":{"start":{"line":6,"column":2},"end":{"line":16,"column":8}},"2":{"start":{"line":9,"column":8},"end":{"line":13,"column":13}}},"fnMap":{"0":{"name":"(anonymous_0)","decl":{"start":{"line":5,"column":13},"end":{"line":5,"column":14}},"loc":{"start":{"line":6,"column":2},"end":{"line":16,"column":8}},"line":6},"1":{"name":"(anonymous_1)","decl":{"start":{"line":8,"column":20},"end":{"line":8,"column":21}},"loc":{"start":{"line":9,"column":8},"end":{"line":13,"column":13}},"line":9}},"branchMap":{},"s":{"0":3,"1":3,"2":6},"f":{"0":3,"1":6},"b":{},"_coverageSchema":"332fd63041d2c1bcb487cc26dd0d5f7d97098a6c","hash":"bda92c96f7d59ba061e83fd5e22c5d0d573a6814"}
,"/home/travis/build/codeparkhouston/streams/src/components/Post/Tags/index.js": {"path":"/home/travis/build/codeparkhouston/streams/src/components/Post/Tags/index.js","statementMap":{},"fnMap":{},"branchMap":{},"s":{},"f":{},"b":{},"_coverageSchema":"332fd63041d2c1bcb487cc26dd0d5f7d97098a6c","hash":"581db0070598f986901231876f63c374a1af75f1"}
,"/home/travis/build/codeparkhouston/streams/src/components/Sidebar/Sidebar.js": {"path":"/home/travis/build/codeparkhouston/streams/src/components/Sidebar/Sidebar.js","statementMap":{"0":{"start":{"line":9,"column":27},"end":{"line":26,"column":1}},"1":{"start":{"line":14,"column":6},"end":{"line":14,"column":28}},"2":{"start":{"line":16,"column":2},"end":{"line":25,"column":4}},"3":{"start":{"line":28,"column":23},"end":{"line":60,"column":1}},"4":{"start":{"line":29,"column":2},"end":{"line":59,"column":4}},"5":{"start":{"line":58,"column":22},"end":{"line":58,"column":59}}},"fnMap":{"0":{"name":"(anonymous_0)","decl":{"start":{"line":9,"column":27},"end":{"line":9,"column":28}},"loc":{"start":{"line":9,"column":50},"end":{"line":26,"column":1}},"line":9},"1":{"name":"(anonymous_1)","decl":{"start":{"line":28,"column":23},"end":{"line":28,"column":24}},"loc":{"start":{"line":29,"column":2},"end":{"line":59,"column":4}},"line":29},"2":{"name":"(anonymous_2)","decl":{"start":{"line":58,"column":12},"end":{"line":58,"column":13}},"loc":{"start":{"line":58,"column":22},"end":{"line":58,"column":59}},"line":58}},"branchMap":{},"s":{"0":8,"1":1,"2":1,"3":8,"4":7,"5":0},"f":{"0":1,"1":7,"2":0},"b":{},"_coverageSchema":"332fd63041d2c1bcb487cc26dd0d5f7d97098a6c","hash":"70c15dec2621ece1dfd0442365730b8cadb38bde"}
,"/home/travis/build/codeparkhouston/streams/src/components/Sidebar/index.js": {"path":"/home/travis/build/codeparkhouston/streams/src/components/Sidebar/index.js","statementMap":{},"fnMap":{},"branchMap":{},"s":{},"f":{},"b":{},"_coverageSchema":"332fd63041d2c1bcb487cc26dd0d5f7d97098a6c","hash":"7d05f370e98238de78bf709add24577d56b97ab0"}
,"/home/travis/build/codeparkhouston/streams/src/components/Sidebar/Author/Author.js": {"path":"/home/travis/build/codeparkhouston/streams/src/components/Sidebar/Author/Author.js","statementMap":{"0":{"start":{"line":5,"column":15},"end":{"line":28,"column":1}},"1":{"start":{"line":6,"column":2},"end":{"line":27,"column":8}}},"fnMap":{"0":{"name":"(anonymous_0)","decl":{"start":{"line":5,"column":15},"end":{"line":5,"column":16}},"loc":{"start":{"line":6,"column":2},"end":{"line":27,"column":8}},"line":6}},"branchMap":{"0":{"loc":{"start":{"line":17,"column":6},"end":{"line":25,"column":5}},"type":"cond-expr","locations":[{"start":{"line":18,"column":6},"end":{"line":20,"column":11}},{"start":{"line":22,"column":6},"end":{"line":24,"column":11}}],"line":17}},"s":{"0":9,"1":2},"f":{"0":2},"b":{"0":[0,2]},"_coverageSchema":"332fd63041d2c1bcb487cc26dd0d5f7d97098a6c","hash":"0f0fb713e8d2e2d9d20ecadf180276bb38276105"}
,"/home/travis/build/codeparkhouston/streams/src/components/Sidebar/Author/index.js": {"path":"/home/travis/build/codeparkhouston/streams/src/components/Sidebar/Author/index.js","statementMap":{},"fnMap":{},"branchMap":{},"s":{},"f":{},"b":{},"_coverageSchema":"332fd63041d2c1bcb487cc26dd0d5f7d97098a6c","hash":"b03294c86302867e35b36dda10971aa5eb5a85ba"}
,"/home/travis/build/codeparkhouston/streams/src/components/Sidebar/Contacts/Contacts.js": {"path":"/home/travis/build/codeparkhouston/streams/src/components/Sidebar/Contacts/Contacts.js","statementMap":{"0":{"start":{"line":6,"column":17},"end":{"line":23,"column":1}},"1":{"start":{"line":7,"column":2},"end":{"line":22,"column":8}},"2":{"start":{"line":10,"column":8},"end":{"line":19,"column":13}}},"fnMap":{"0":{"name":"(anonymous_0)","decl":{"start":{"line":6,"column":17},"end":{"line":6,"column":18}},"loc":{"start":{"line":7,"column":2},"end":{"line":22,"column":8}},"line":7},"1":{"name":"(anonymous_1)","decl":{"start":{"line":9,"column":33},"end":{"line":9,"column":34}},"loc":{"start":{"line":10,"column":8},"end":{"line":19,"column":13}},"line":10}},"branchMap":{},"s":{"0":9,"1":2,"2":12},"f":{"0":2,"1":12},"b":{},"_coverageSchema":"332fd63041d2c1bcb487cc26dd0d5f7d97098a6c","hash":"4ee87be345c32567a6444be4cbc08cb405bf792a"}
,"/home/travis/build/codeparkhouston/streams/src/components/Sidebar/Contacts/index.js": {"path":"/home/travis/build/codeparkhouston/streams/src/components/Sidebar/Contacts/index.js","statementMap":{},"fnMap":{},"branchMap":{},"s":{},"f":{},"b":{},"_coverageSchema":"332fd63041d2c1bcb487cc26dd0d5f7d97098a6c","hash":"d2848ae5f6d3e24dba989888f7400750ed788ddc"}
,"/home/travis/build/codeparkhouston/streams/src/components/Sidebar/Copyright/Copyright.js": {"path":"/home/travis/build/codeparkhouston/streams/src/components/Sidebar/Copyright/Copyright.js","statementMap":{"0":{"start":{"line":4,"column":18},"end":{"line":8,"column":1}},"1":{"start":{"line":5,"column":2},"end":{"line":7,"column":8}}},"fnMap":{"0":{"name":"(anonymous_0)","decl":{"start":{"line":4,"column":18},"end":{"line":4,"column":19}},"loc":{"start":{"line":5,"column":2},"end":{"line":7,"column":8}},"line":5}},"branchMap":{},"s":{"0":9,"1":2},"f":{"0":2},"b":{},"_coverageSchema":"332fd63041d2c1bcb487cc26dd0d5f7d97098a6c","hash":"4a6e49d2250cf5ce9e0aa177098809843f937ad1"}
,"/home/travis/build/codeparkhouston/streams/src/components/Sidebar/Copyright/index.js": {"path":"/home/travis/build/codeparkhouston/streams/src/components/Sidebar/Copyright/index.js","statementMap":{},"fnMap":{},"branchMap":{},"s":{},"f":{},"b":{},"_coverageSchema":"332fd63041d2c1bcb487cc26dd0d5f7d97098a6c","hash":"ce27715f4d01bd244321a33953978ee2acd66243"}
,"/home/travis/build/codeparkhouston/streams/src/components/Sidebar/Menu/Menu.js": {"path":"/home/travis/build/codeparkhouston/streams/src/components/Sidebar/Menu/Menu.js","statementMap":{"0":{"start":{"line":5,"column":13},"end":{"line":21,"column":1}},"1":{"start":{"line":6,"column":2},"end":{"line":20,"column":8}},"2":{"start":{"line":9,"column":8},"end":{"line":17,"column":13}}},"fnMap":{"0":{"name":"(anonymous_0)","decl":{"start":{"line":5,"column":13},"end":{"line":5,"column":14}},"loc":{"start":{"line":6,"column":2},"end":{"line":20,"column":8}},"line":6},"1":{"name":"(anonymous_1)","decl":{"start":{"line":8,"column":16},"end":{"line":8,"column":17}},"loc":{"start":{"line":9,"column":8},"end":{"line":17,"column":13}},"line":9}},"branchMap":{},"s":{"0":9,"1":2,"2":4},"f":{"0":2,"1":4},"b":{},"_coverageSchema":"332fd63041d2c1bcb487cc26dd0d5f7d97098a6c","hash":"6f0aba437048cffd23b61525517dc4768f8022e2"}
,"/home/travis/build/codeparkhouston/streams/src/components/Sidebar/Menu/index.js": {"path":"/home/travis/build/codeparkhouston/streams/src/components/Sidebar/Menu/index.js","statementMap":{},"fnMap":{},"branchMap":{},"s":{},"f":{},"b":{},"_coverageSchema":"332fd63041d2c1bcb487cc26dd0d5f7d97098a6c","hash":"3dfccb3a4fefaffc3e350ed3844ebfcacc1efa55"}
,"/home/travis/build/codeparkhouston/streams/src/constants/icons.js": {"path":"/home/travis/build/codeparkhouston/streams/src/constants/icons.js","statementMap":{"0":{"start":{"line":1,"column":14},"end":{"line":30,"column":1}}},"fnMap":{},"branchMap":{},"s":{"0":13},"f":{},"b":{},"_coverageSchema":"332fd63041d2c1bcb487cc26dd0d5f7d97098a6c","hash":"f25fb12cff653f2195d6f1f5ba37ebd2a070363a"}
,"/home/travis/build/codeparkhouston/streams/src/constants/index.js": {"path":"/home/travis/build/codeparkhouston/streams/src/constants/index.js","statementMap":{},"fnMap":{},"branchMap":{},"s":{},"f":{},"b":{},"_coverageSchema":"332fd63041d2c1bcb487cc26dd0d5f7d97098a6c","hash":"2a871b0fdd8c780d96f1454d43838b6177068b7c"}
,"/home/travis/build/codeparkhouston/streams/src/constants/pagination.js": {"path":"/home/travis/build/codeparkhouston/streams/src/constants/pagination.js","statementMap":{"0":{"start":{"line":1,"column":19},"end":{"line":4,"column":1}}},"fnMap":{},"branchMap":{},"s":{"0":13},"f":{},"b":{},"_coverageSchema":"332fd63041d2c1bcb487cc26dd0d5f7d97098a6c","hash":"b3f9ee07a26365c9330b42fa9858285975be437a"}
,"/home/travis/build/codeparkhouston/streams/src/templates/categories-list-template.js": {"path":"/home/travis/build/codeparkhouston/streams/src/templates/categories-list-template.js","statementMap":{"0":{"start":{"line":8,"column":31},"end":{"line":32,"column":1}},"1":{"start":{"line":12,"column":6},"end":{"line":12,"column":28}},"2":{"start":{"line":14,"column":20},"end":{"line":14,"column":42}},"3":{"start":{"line":16,"column":2},"end":{"line":31,"column":4}},"4":{"start":{"line":22,"column":12},"end":{"line":26,"column":17}},"5":{"start":{"line":34,"column":21},"end":{"line":51,"column":1}}},"fnMap":{"0":{"name":"(anonymous_0)","decl":{"start":{"line":8,"column":31},"end":{"line":8,"column":32}},"loc":{"start":{"line":8,"column":45},"end":{"line":32,"column":1}},"line":8},"1":{"name":"(anonymous_1)","decl":{"start":{"line":21,"column":21},"end":{"line":21,"column":22}},"loc":{"start":{"line":22,"column":12},"end":{"line":26,"column":17}},"line":22}},"branchMap":{},"s":{"0":1,"1":1,"2":1,"3":1,"4":2,"5":1},"f":{"0":1,"1":2},"b":{},"_coverageSchema":"332fd63041d2c1bcb487cc26dd0d5f7d97098a6c","hash":"7e7c709295999183ed44d5b1e6c3af1349829e2d"}
,"/home/travis/build/codeparkhouston/streams/src/templates/category-template.js": {"path":"/home/travis/build/codeparkhouston/streams/src/templates/category-template.js","statementMap":{"0":{"start":{"line":9,"column":25},"end":{"line":41,"column":1}},"1":{"start":{"line":13,"column":6},"end":{"line":13,"column":28}},"2":{"start":{"line":22,"column":6},"end":{"line":22,"column":17}},"3":{"start":{"line":24,"column":20},"end":{"line":24,"column":42}},"4":{"start":{"line":25,"column":20},"end":{"line":25,"column":119}},"5":{"start":{"line":27,"column":2},"end":{"line":40,"column":4}},"6":{"start":{"line":43,"column":21},"end":{"line":73,"column":1}}},"fnMap":{"0":{"name":"(anonymous_0)","decl":{"start":{"line":9,"column":25},"end":{"line":9,"column":26}},"loc":{"start":{"line":9,"column":52},"end":{"line":41,"column":1}},"line":9}},"branchMap":{"0":{"loc":{"start":{"line":25,"column":20},"end":{"line":25,"column":119}},"type":"cond-expr","locations":[{"start":{"line":25,"column":38},"end":{"line":25,"column":88}},{"start":{"line":25,"column":91},"end":{"line":25,"column":119}}],"line":25}},"s":{"0":1,"1":1,"2":1,"3":1,"4":1,"5":1,"6":1},"f":{"0":1},"b":{"0":[1,0]},"_coverageSchema":"332fd63041d2c1bcb487cc26dd0d5f7d97098a6c","hash":"5b1988e00a815d665068582579b95e26cfc5cfdf"}
,"/home/travis/build/codeparkhouston/streams/src/templates/index-template.js": {"path":"/home/travis/build/codeparkhouston/streams/src/templates/index-template.js","statementMap":{"0":{"start":{"line":9,"column":22},"end":{"line":40,"column":1}},"1":{"start":{"line":13,"column":6},"end":{"line":13,"column":28}},"2":{"start":{"line":21,"column":6},"end":{"line":21,"column":17}},"3":{"start":{"line":23,"column":20},"end":{"line":23,"column":42}},"4":{"start":{"line":24,"column":20},"end":{"line":24,"column":94}},"5":{"start":{"line":26,"column":2},"end":{"line":39,"column":4}},"6":{"start":{"line":42,"column":21},"end":{"line":72,"column":1}}},"fnMap":{"0":{"name":"(anonymous_0)","decl":{"start":{"line":9,"column":22},"end":{"line":9,"column":23}},"loc":{"start":{"line":9,"column":49},"end":{"line":40,"column":1}},"line":9}},"branchMap":{"0":{"loc":{"start":{"line":24,"column":20},"end":{"line":24,"column":94}},"type":"cond-expr","locations":[{"start":{"line":24,"column":38},"end":{"line":24,"column":82}},{"start":{"line":24,"column":85},"end":{"line":24,"column":94}}],"line":24}},"s":{"0":1,"1":1,"2":1,"3":1,"4":1,"5":1,"6":1},"f":{"0":1},"b":{"0":[1,0]},"_coverageSchema":"332fd63041d2c1bcb487cc26dd0d5f7d97098a6c","hash":"67419eb40feac0f1ae8ff5253273438d91bf2c34"}
,"/home/travis/build/codeparkhouston/streams/src/templates/not-found-template.js": {"path":"/home/travis/build/codeparkhouston/streams/src/templates/not-found-template.js","statementMap":{"0":{"start":{"line":7,"column":25},"end":{"line":21,"column":1}},"1":{"start":{"line":11,"column":6},"end":{"line":11,"column":28}},"2":{"start":{"line":13,"column":2},"end":{"line":20,"column":4}},"3":{"start":{"line":23,"column":21},"end":{"line":32,"column":1}}},"fnMap":{"0":{"name":"(anonymous_0)","decl":{"start":{"line":7,"column":25},"end":{"line":7,"column":26}},"loc":{"start":{"line":7,"column":39},"end":{"line":21,"column":1}},"line":7}},"branchMap":{},"s":{"0":1,"1":1,"2":1,"3":1},"f":{"0":1},"b":{},"_coverageSchema":"332fd63041d2c1bcb487cc26dd0d5f7d97098a6c","hash":"7e3f45a2e34a23233c652151bde4246f91bc4748"}
,"/home/travis/build/codeparkhouston/streams/src/templates/page-template.js": {"path":"/home/travis/build/codeparkhouston/streams/src/templates/page-template.js","statementMap":{"0":{"start":{"line":7,"column":21},"end":{"line":30,"column":1}},"1":{"start":{"line":11,"column":6},"end":{"line":11,"column":28}},"2":{"start":{"line":16,"column":6},"end":{"line":16,"column":37}},"3":{"start":{"line":18,"column":29},"end":{"line":18,"column":48}},"4":{"start":{"line":20,"column":26},"end":{"line":20,"column":83}},"5":{"start":{"line":22,"column":2},"end":{"line":29,"column":4}},"6":{"start":{"line":32,"column":21},"end":{"line":50,"column":1}}},"fnMap":{"0":{"name":"(anonymous_0)","decl":{"start":{"line":7,"column":21},"end":{"line":7,"column":22}},"loc":{"start":{"line":7,"column":35},"end":{"line":30,"column":1}},"line":7}},"branchMap":{"0":{"loc":{"start":{"line":20,"column":26},"end":{"line":20,"column":83}},"type":"cond-expr","locations":[{"start":{"line":20,"column":53},"end":{"line":20,"column":68}},{"start":{"line":20,"column":71},"end":{"line":20,"column":83}}],"line":20}},"s":{"0":1,"1":1,"2":1,"3":1,"4":1,"5":1,"6":1},"f":{"0":1},"b":{"0":[1,0]},"_coverageSchema":"332fd63041d2c1bcb487cc26dd0d5f7d97098a6c","hash":"3dd23eda5a99976fcf319f4cb5b87bf74a41dba8"}
,"/home/travis/build/codeparkhouston/streams/src/templates/post-template.js": {"path":"/home/travis/build/codeparkhouston/streams/src/templates/post-template.js","statementMap":{"0":{"start":{"line":6,"column":21},"end":{"line":24,"column":1}},"1":{"start":{"line":10,"column":6},"end":{"line":10,"column":28}},"2":{"start":{"line":15,"column":6},"end":{"line":15,"column":37}},"3":{"start":{"line":17,"column":26},"end":{"line":17,"column":83}},"4":{"start":{"line":19,"column":2},"end":{"line":23,"column":4}},"5":{"start":{"line":26,"column":21},"end":{"line":57,"column":1}}},"fnMap":{"0":{"name":"(anonymous_0)","decl":{"start":{"line":6,"column":21},"end":{"line":6,"column":22}},"loc":{"start":{"line":6,"column":35},"end":{"line":24,"column":1}},"line":6}},"branchMap":{"0":{"loc":{"start":{"line":17,"column":26},"end":{"line":17,"column":83}},"type":"cond-expr","locations":[{"start":{"line":17,"column":53},"end":{"line":17,"column":68}},{"start":{"line":17,"column":71},"end":{"line":17,"column":83}}],"line":17}},"s":{"0":1,"1":1,"2":1,"3":1,"4":1,"5":1},"f":{"0":1},"b":{"0":[1,0]},"_coverageSchema":"332fd63041d2c1bcb487cc26dd0d5f7d97098a6c","hash":"4cfa876a6a9e2c5f0a443058ca70b38ce40fec84"}
,"/home/travis/build/codeparkhouston/streams/src/templates/tag-template.js": {"path":"/home/travis/build/codeparkhouston/streams/src/templates/tag-template.js","statementMap":{"0":{"start":{"line":9,"column":20},"end":{"line":41,"column":1}},"1":{"start":{"line":13,"column":6},"end":{"line":13,"column":28}},"2":{"start":{"line":22,"column":6},"end":{"line":22,"column":17}},"3":{"start":{"line":24,"column":20},"end":{"line":24,"column":42}},"4":{"start":{"line":25,"column":20},"end":{"line":25,"column":153}},"5":{"start":{"line":27,"column":2},"end":{"line":40,"column":4}},"6":{"start":{"line":43,"column":21},"end":{"line":73,"column":1}}},"fnMap":{"0":{"name":"(anonymous_0)","decl":{"start":{"line":9,"column":20},"end":{"line":9,"column":21}},"loc":{"start":{"line":9,"column":47},"end":{"line":41,"column":1}},"line":9}},"branchMap":{"0":{"loc":{"start":{"line":25,"column":20},"end":{"line":25,"column":153}},"type":"cond-expr","locations":[{"start":{"line":25,"column":38},"end":{"line":25,"column":105}},{"start":{"line":25,"column":108},"end":{"line":25,"column":153}}],"line":25}},"s":{"0":1,"1":1,"2":1,"3":1,"4":1,"5":1,"6":1},"f":{"0":1},"b":{"0":[1,0]},"_coverageSchema":"332fd63041d2c1bcb487cc26dd0d5f7d97098a6c","hash":"46f001b94f1f77d902cfd8107944d740714cf92f"}
,"/home/travis/build/codeparkhouston/streams/src/templates/tags-list-template.js": {"path":"/home/travis/build/codeparkhouston/streams/src/templates/tags-list-template.js","statementMap":{"0":{"start":{"line":8,"column":25},"end":{"line":31,"column":1}},"1":{"start":{"line":12,"column":6},"end":{"line":12,"column":28}},"2":{"start":{"line":13,"column":20},"end":{"line":13,"column":42}},"3":{"start":{"line":15,"column":2},"end":{"line":30,"column":4}},"4":{"start":{"line":21,"column":12},"end":{"line":25,"column":17}},"5":{"start":{"line":33,"column":21},"end":{"line":50,"column":1}}},"fnMap":{"0":{"name":"(anonymous_0)","decl":{"start":{"line":8,"column":25},"end":{"line":8,"column":26}},"loc":{"start":{"line":8,"column":39},"end":{"line":31,"column":1}},"line":8},"1":{"name":"(anonymous_1)","decl":{"start":{"line":20,"column":21},"end":{"line":20,"column":22}},"loc":{"start":{"line":21,"column":12},"end":{"line":25,"column":17}},"line":21}},"branchMap":{},"s":{"0":1,"1":1,"2":1,"3":1,"4":2,"5":1},"f":{"0":1,"1":2},"b":{},"_coverageSchema":"332fd63041d2c1bcb487cc26dd0d5f7d97098a6c","hash":"c028a4934dfb907be38193cfbf72d7f1cdc84aa8"}
,"/home/travis/build/codeparkhouston/streams/src/utils/get-contact-href.js": {"path":"/home/travis/build/codeparkhouston/streams/src/utils/get-contact-href.js","statementMap":{"0":{"start":{"line":1,"column":23},"end":{"line":26,"column":1}},"1":{"start":{"line":4,"column":2},"end":{"line":23,"column":3}},"2":{"start":{"line":6,"column":6},"end":{"line":6,"column":50}},"3":{"start":{"line":7,"column":6},"end":{"line":7,"column":12}},"4":{"start":{"line":9,"column":6},"end":{"line":9,"column":45}},"5":{"start":{"line":10,"column":6},"end":{"line":10,"column":12}},"6":{"start":{"line":12,"column":6},"end":{"line":12,"column":41}},"7":{"start":{"line":13,"column":6},"end":{"line":13,"column":12}},"8":{"start":{"line":15,"column":6},"end":{"line":15,"column":35}},"9":{"start":{"line":16,"column":6},"end":{"line":16,"column":12}},"10":{"start":{"line":18,"column":6},"end":{"line":18,"column":33}},"11":{"start":{"line":19,"column":6},"end":{"line":19,"column":12}},"12":{"start":{"line":21,"column":6},"end":{"line":21,"column":21}},"13":{"start":{"line":22,"column":6},"end":{"line":22,"column":12}},"14":{"start":{"line":25,"column":2},"end":{"line":25,"column":14}}},"fnMap":{"0":{"name":"(anonymous_0)","decl":{"start":{"line":1,"column":23},"end":{"line":1,"column":24}},"loc":{"start":{"line":1,"column":42},"end":{"line":26,"column":1}},"line":1}},"branchMap":{"0":{"loc":{"start":{"line":4,"column":2},"end":{"line":23,"column":3}},"type":"switch","locations":[{"start":{"line":5,"column":4},"end":{"line":7,"column":12}},{"start":{"line":8,"column":4},"end":{"line":10,"column":12}},{"start":{"line":11,"column":4},"end":{"line":13,"column":12}},{"start":{"line":14,"column":4},"end":{"line":16,"column":12}},{"start":{"line":17,"column":4},"end":{"line":19,"column":12}},{"start":{"line":20,"column":4},"end":{"line":22,"column":12}}],"line":4}},"s":{"0":12,"1":13,"2":3,"3":3,"4":2,"5":2,"6":2,"7":2,"8":2,"9":2,"10":2,"11":2,"12":2,"13":2,"14":13},"f":{"0":13},"b":{"0":[3,2,2,2,2,2]},"_coverageSchema":"332fd63041d2c1bcb487cc26dd0d5f7d97098a6c","hash":"1c497aa7f3d07d67641cec32cf87b884440a28d0"}
,"/home/travis/build/codeparkhouston/streams/src/utils/get-icon.js": {"path":"/home/travis/build/codeparkhouston/streams/src/utils/get-icon.js","statementMap":{"0":{"start":{"line":3,"column":16},"end":{"line":31,"column":1}},"1":{"start":{"line":6,"column":2},"end":{"line":28,"column":3}},"2":{"start":{"line":8,"column":6},"end":{"line":8,"column":27}},"3":{"start":{"line":9,"column":6},"end":{"line":9,"column":12}},"4":{"start":{"line":11,"column":6},"end":{"line":11,"column":26}},"5":{"start":{"line":12,"column":6},"end":{"line":12,"column":12}},"6":{"start":{"line":14,"column":6},"end":{"line":14,"column":29}},"7":{"start":{"line":15,"column":6},"end":{"line":15,"column":12}},"8":{"start":{"line":17,"column":6},"end":{"line":17,"column":28}},"9":{"start":{"line":18,"column":6},"end":{"line":18,"column":12}},"10":{"start":{"line":20,"column":6},"end":{"line":20,"column":25}},"11":{"start":{"line":21,"column":6},"end":{"line":21,"column":12}},"12":{"start":{"line":23,"column":6},"end":{"line":23,"column":23}},"13":{"start":{"line":24,"column":6},"end":{"line":24,"column":12}},"14":{"start":{"line":26,"column":6},"end":{"line":26,"column":16}},"15":{"start":{"line":27,"column":6},"end":{"line":27,"column":12}},"16":{"start":{"line":30,"column":2},"end":{"line":30,"column":14}}},"fnMap":{"0":{"name":"(anonymous_0)","decl":{"start":{"line":3,"column":16},"end":{"line":3,"column":17}},"loc":{"start":{"line":3,"column":26},"end":{"line":31,"column":1}},"line":3}},"branchMap":{"0":{"loc":{"start":{"line":6,"column":2},"end":{"line":28,"column":3}},"type":"switch","locations":[{"start":{"line":7,"column":4},"end":{"line":9,"column":12}},{"start":{"line":10,"column":4},"end":{"line":12,"column":12}},{"start":{"line":13,"column":4},"end":{"line":15,"column":12}},{"start":{"line":16,"column":4},"end":{"line":18,"column":12}},{"start":{"line":19,"column":4},"end":{"line":21,"column":12}},{"start":{"line":22,"column":4},"end":{"line":24,"column":12}},{"start":{"line":25,"column":4},"end":{"line":27,"column":12}}],"line":6}},"s":{"0":12,"1":12,"2":2,"3":2,"4":2,"5":2,"6":2,"7":2,"8":2,"9":2,"10":2,"11":2,"12":2,"13":2,"14":0,"15":0,"16":12},"f":{"0":12},"b":{"0":[2,2,2,2,2,2,0]},"_coverageSchema":"332fd63041d2c1bcb487cc26dd0d5f7d97098a6c","hash":"d670750af50f468b39078f0818156245aedd9169"}
,"/home/travis/build/codeparkhouston/streams/src/utils/index.js": {"path":"/home/travis/build/codeparkhouston/streams/src/utils/index.js","statementMap":{},"fnMap":{},"branchMap":{},"s":{},"f":{},"b":{},"_coverageSchema":"332fd63041d2c1bcb487cc26dd0d5f7d97098a6c","hash":"347928778e273ef238917f5138b6a4493ea35c29"}
}
