TN:
SF:/home/travis/build/codeparkhouston/streams/src/components/Feed/Feed.js
FN:6,(anonymous_0)
FN:8,(anonymous_1)
FNF:2
FNH:2
FNDA:4,(anonymous_0)
FNDA:8,(anonymous_1)
DA:6,4
DA:7,4
DA:9,8
LF:3
LH:3
BRF:0
BRH:0
end_of_record
TN:
SF:/home/travis/build/codeparkhouston/streams/src/components/Feed/index.js
FNF:0
FNH:0
LF:0
LH:0
BRF:0
BRH:0
end_of_record
TN:
SF:/home/travis/build/codeparkhouston/streams/src/components/Icon/Icon.js
FN:4,(anonymous_0)
FNF:1
FNH:1
FNDA:13,(anonymous_0)
DA:4,10
DA:5,13
LF:2
LH:2
BRF:0
BRH:0
end_of_record
TN:
SF:/home/travis/build/codeparkhouston/streams/src/components/Icon/index.js
FNF:0
FNH:0
LF:0
LH:0
BRF:0
BRH:0
end_of_record
TN:
SF:/home/travis/build/codeparkhouston/streams/src/components/Layout/Layout.js
FN:5,(anonymous_0)
FNF:1
FNH:1
FNDA:9,(anonymous_0)
DA:5,9
DA:6,9
LF:2
LH:2
BRF:0
BRH:0
end_of_record
TN:
SF:/home/travis/build/codeparkhouston/streams/src/components/Layout/index.js
FNF:0
FNH:0
LF:0
LH:0
BRF:0
BRH:0
end_of_record
TN:
SF:/home/travis/build/codeparkhouston/streams/src/components/Page/Page.js
FN:4,(anonymous_0)
FN:7,(anonymous_1)
FNF:2
FNH:1
FNDA:8,(anonymous_0)
FNDA:0,(anonymous_1)
DA:4,8
DA:5,8
DA:7,8
DA:8,0
DA:11,8
LF:5
LH:4
BRDA:14,0,0,8
BRDA:14,0,1,7
BRF:2
BRH:2
end_of_record
TN:
SF:/home/travis/build/codeparkhouston/streams/src/components/Page/index.js
FNF:0
FNH:0
LF:0
LH:0
BRF:0
BRH:0
end_of_record
TN:
SF:/home/travis/build/codeparkhouston/streams/src/components/Pagination/Pagination.js
FN:9,(anonymous_0)
FNF:1
FNH:1
FNDA:4,(anonymous_0)
DA:7,4
DA:9,4
DA:15,4
DA:20,4
DA:25,4
LF:5
LH:5
BRF:0
BRH:0
end_of_record
TN:
SF:/home/travis/build/codeparkhouston/streams/src/components/Pagination/index.js
FNF:0
FNH:0
LF:0
LH:0
BRF:0
BRH:0
end_of_record
TN:
SF:/home/travis/build/codeparkhouston/streams/src/components/Post/Post.js
FN:10,(anonymous_0)
FNF:1
FNH:1
FNDA:2,(anonymous_0)
DA:10,2
DA:15,2
DA:17,2
DA:18,2
DA:20,2
LF:5
LH:5
BRF:0
BRH:0
end_of_record
TN:
SF:/home/travis/build/codeparkhouston/streams/src/components/Post/index.js
FNF:0
FNH:0
LF:0
LH:0
BRF:0
BRH:0
end_of_record
TN:
SF:/home/travis/build/codeparkhouston/streams/src/components/Post/Author/Author.js
FN:6,(anonymous_0)
FN:26,(anonymous_1)
FN:43,(anonymous_2)
FNF:3
FNH:2
FNDA:1,(anonymous_0)
FNDA:2,(anonymous_1)
FNDA:0,(anonymous_2)
DA:6,3
DA:7,1
DA:9,1
DA:26,3
DA:27,2
DA:43,0
LF:6
LH:5
BRF:0
BRH:0
end_of_record
TN:
SF:/home/travis/build/codeparkhouston/streams/src/components/Post/Author/index.js
FNF:0
FNH:0
LF:0
LH:0
BRF:0
BRH:0
end_of_record
TN:
SF:/home/travis/build/codeparkhouston/streams/src/components/Post/Comments/Comments.js
FN:5,(anonymous_0)
FN:25,(anonymous_1)
FN:37,(anonymous_2)
FNF:3
FNH:2
FNDA:1,(anonymous_0)
FNDA:2,(anonymous_1)
FNDA:0,(anonymous_2)
DA:5,3
DA:9,1
DA:11,1
DA:12,0
DA:15,1
DA:25,3
DA:26,2
DA:37,0
LF:8
LH:6
BRDA:11,0,0,0
BRDA:11,0,1,1
BRF:2
BRH:1
end_of_record
TN:
SF:/home/travis/build/codeparkhouston/streams/src/components/Post/Comments/index.js
FNF:0
FNH:0
LF:0
LH:0
BRF:0
BRH:0
end_of_record
TN:
SF:/home/travis/build/codeparkhouston/streams/src/components/Post/Content/Content.js
FN:4,(anonymous_0)
FNF:1
FNH:1
FNDA:3,(anonymous_0)
DA:4,3
DA:5,3
LF:2
LH:2
BRF:0
BRH:0
end_of_record
TN:
SF:/home/travis/build/codeparkhouston/streams/src/components/Post/Content/index.js
FNF:0
FNH:0
LF:0
LH:0
BRF:0
BRH:0
end_of_record
TN:
SF:/home/travis/build/codeparkhouston/streams/src/components/Post/Meta/Meta.js
FN:5,(anonymous_0)
FNF:1
FNH:1
FNDA:3,(anonymous_0)
DA:5,3
DA:6,3
LF:2
LH:2
BRF:0
BRH:0
end_of_record
TN:
SF:/home/travis/build/codeparkhouston/streams/src/components/Post/Meta/index.js
FNF:0
FNH:0
LF:0
LH:0
BRF:0
BRH:0
end_of_record
TN:
SF:/home/travis/build/codeparkhouston/streams/src/components/Post/Tags/Tags.js
FN:5,(anonymous_0)
FN:8,(anonymous_1)
FNF:2
FNH:2
FNDA:3,(anonymous_0)
FNDA:6,(anonymous_1)
DA:5,3
DA:6,3
DA:9,6
LF:3
LH:3
BRF:0
BRH:0
end_of_record
TN:
SF:/home/travis/build/codeparkhouston/streams/src/components/Post/Tags/index.js
FNF:0
FNH:0
LF:0
LH:0
BRF:0
BRH:0
end_of_record
TN:
SF:/home/travis/build/codeparkhouston/streams/src/components/Sidebar/Sidebar.js
FN:9,(anonymous_0)
FN:28,(anonymous_1)
FN:58,(anonymous_2)
FNF:3
FNH:2
FNDA:1,(anonymous_0)
FNDA:7,(anonymous_1)
FNDA:0,(anonymous_2)
DA:9,8
DA:14,1
DA:16,1
DA:28,8
DA:29,7
DA:58,0
LF:6
LH:5
BRF:0
BRH:0
end_of_record
TN:
SF:/home/travis/build/codeparkhouston/streams/src/components/Sidebar/index.js
FNF:0
FNH:0
LF:0
LH:0
BRF:0
BRH:0
end_of_record
TN:
SF:/home/travis/build/codeparkhouston/streams/src/components/Sidebar/Author/Author.js
FN:5,(anonymous_0)
FNF:1
FNH:1
FNDA:2,(anonymous_0)
DA:5,9
DA:6,2
LF:2
LH:2
BRDA:17,0,0,0
BRDA:17,0,1,2
BRF:2
BRH:1
end_of_record
TN:
SF:/home/travis/build/codeparkhouston/streams/src/components/Sidebar/Author/index.js
FNF:0
FNH:0
LF:0
LH:0
BRF:0
BRH:0
end_of_record
TN:
SF:/home/travis/build/codeparkhouston/streams/src/components/Sidebar/Contacts/Contacts.js
FN:6,(anonymous_0)
FN:9,(anonymous_1)
FNF:2
FNH:2
FNDA:2,(anonymous_0)
FNDA:12,(anonymous_1)
DA:6,9
DA:7,2
DA:10,12
LF:3
LH:3
BRF:0
BRH:0
end_of_record
TN:
SF:/home/travis/build/codeparkhouston/streams/src/components/Sidebar/Contacts/index.js
FNF:0
FNH:0
LF:0
LH:0
BRF:0
BRH:0
end_of_record
TN:
SF:/home/travis/build/codeparkhouston/streams/src/components/Sidebar/Copyright/Copyright.js
FN:4,(anonymous_0)
FNF:1
FNH:1
FNDA:2,(anonymous_0)
DA:4,9
DA:5,2
LF:2
LH:2
BRF:0
BRH:0
end_of_record
TN:
SF:/home/travis/build/codeparkhouston/streams/src/components/Sidebar/Copyright/index.js
FNF:0
FNH:0
LF:0
LH:0
BRF:0
BRH:0
end_of_record
TN:
SF:/home/travis/build/codeparkhouston/streams/src/components/Sidebar/Menu/Menu.js
FN:5,(anonymous_0)
FN:8,(anonymous_1)
FNF:2
FNH:2
FNDA:2,(anonymous_0)
FNDA:4,(anonymous_1)
DA:5,9
DA:6,2
DA:9,4
LF:3
LH:3
BRF:0
BRH:0
end_of_record
TN:
SF:/home/travis/build/codeparkhouston/streams/src/components/Sidebar/Menu/index.js
FNF:0
FNH:0
LF:0
LH:0
BRF:0
BRH:0
end_of_record
TN:
SF:/home/travis/build/codeparkhouston/streams/src/constants/icons.js
FNF:0
FNH:0
DA:1,13
LF:1
LH:1
BRF:0
BRH:0
end_of_record
TN:
SF:/home/travis/build/codeparkhouston/streams/src/constants/index.js
FNF:0
FNH:0
LF:0
LH:0
BRF:0
BRH:0
end_of_record
TN:
SF:/home/travis/build/codeparkhouston/streams/src/constants/pagination.js
FNF:0
FNH:0
DA:1,13
LF:1
LH:1
BRF:0
BRH:0
end_of_record
TN:
SF:/home/travis/build/codeparkhouston/streams/src/templates/categories-list-template.js
FN:8,(anonymous_0)
FN:21,(anonymous_1)
FNF:2
FNH:2
FNDA:1,(anonymous_0)
FNDA:2,(anonymous_1)
DA:8,1
DA:12,1
DA:14,1
DA:16,1
DA:22,2
DA:34,1
LF:6
LH:6
BRF:0
BRH:0
end_of_record
TN:
SF:/home/travis/build/codeparkhouston/streams/src/templates/category-template.js
FN:9,(anonymous_0)
FNF:1
FNH:1
FNDA:1,(anonymous_0)
DA:9,1
DA:13,1
DA:22,1
DA:24,1
DA:25,1
DA:27,1
DA:43,1
LF:7
LH:7
BRDA:25,0,0,1
BRDA:25,0,1,0
BRF:2
BRH:1
end_of_record
TN:
SF:/home/travis/build/codeparkhouston/streams/src/templates/index-template.js
FN:9,(anonymous_0)
FNF:1
FNH:1
FNDA:1,(anonymous_0)
DA:9,1
DA:13,1
DA:21,1
DA:23,1
DA:24,1
DA:26,1
DA:42,1
LF:7
LH:7
BRDA:24,0,0,1
BRDA:24,0,1,0
BRF:2
BRH:1
end_of_record
TN:
SF:/home/travis/build/codeparkhouston/streams/src/templates/not-found-template.js
FN:7,(anonymous_0)
FNF:1
FNH:1
FNDA:1,(anonymous_0)
DA:7,1
DA:11,1
DA:13,1
DA:23,1
LF:4
LH:4
BRF:0
BRH:0
end_of_record
TN:
SF:/home/travis/build/codeparkhouston/streams/src/templates/page-template.js
FN:7,(anonymous_0)
FNF:1
FNH:1
FNDA:1,(anonymous_0)
DA:7,1
DA:11,1
DA:16,1
DA:18,1
DA:20,1
DA:22,1
DA:32,1
LF:7
LH:7
BRDA:20,0,0,1
BRDA:20,0,1,0
BRF:2
BRH:1
end_of_record
TN:
SF:/home/travis/build/codeparkhouston/streams/src/templates/post-template.js
FN:6,(anonymous_0)
FNF:1
FNH:1
FNDA:1,(anonymous_0)
DA:6,1
DA:10,1
DA:15,1
DA:17,1
DA:19,1
DA:26,1
LF:6
LH:6
BRDA:17,0,0,1
BRDA:17,0,1,0
BRF:2
BRH:1
end_of_record
TN:
SF:/home/travis/build/codeparkhouston/streams/src/templates/tag-template.js
FN:9,(anonymous_0)
FNF:1
FNH:1
FNDA:1,(anonymous_0)
DA:9,1
DA:13,1
DA:22,1
DA:24,1
DA:25,1
DA:27,1
DA:43,1
LF:7
LH:7
BRDA:25,0,0,1
BRDA:25,0,1,0
BRF:2
BRH:1
end_of_record
TN:
SF:/home/travis/build/codeparkhouston/streams/src/templates/tags-list-template.js
FN:8,(anonymous_0)
FN:20,(anonymous_1)
FNF:2
FNH:2
FNDA:1,(anonymous_0)
FNDA:2,(anonymous_1)
DA:8,1
DA:12,1
DA:13,1
DA:15,1
DA:21,2
DA:33,1
LF:6
LH:6
BRF:0
BRH:0
end_of_record
TN:
SF:/home/travis/build/codeparkhouston/streams/src/utils/get-contact-href.js
FN:1,(anonymous_0)
FNF:1
FNH:1
FNDA:13,(anonymous_0)
DA:1,12
DA:4,13
DA:6,3
DA:7,3
DA:9,2
DA:10,2
DA:12,2
DA:13,2
DA:15,2
DA:16,2
DA:18,2
DA:19,2
DA:21,2
DA:22,2
DA:25,13
LF:15
LH:15
BRDA:4,0,0,3
BRDA:4,0,1,2
BRDA:4,0,2,2
BRDA:4,0,3,2
BRDA:4,0,4,2
BRDA:4,0,5,2
BRF:6
BRH:6
end_of_record
TN:
SF:/home/travis/build/codeparkhouston/streams/src/utils/get-icon.js
FN:3,(anonymous_0)
FNF:1
FNH:1
FNDA:12,(anonymous_0)
DA:3,12
DA:6,12
DA:8,2
DA:9,2
DA:11,2
DA:12,2
DA:14,2
DA:15,2
DA:17,2
DA:18,2
DA:20,2
DA:21,2
DA:23,2
DA:24,2
DA:26,0
DA:27,0
DA:30,12
LF:17
LH:15
BRDA:6,0,0,2
BRDA:6,0,1,2
BRDA:6,0,2,2
BRDA:6,0,3,2
BRDA:6,0,4,2
BRDA:6,0,5,2
BRDA:6,0,6,0
BRF:7
BRH:6
end_of_record
TN:
SF:/home/travis/build/codeparkhouston/streams/src/utils/index.js
FNF:0
FNH:0
LF:0
LH:0
BRF:0
BRH:0
end_of_record
